C:\USERS\BB0032\DESKTOP\CS317 HOMEWORK 2\MERGE SORT\DEBUG\VC110.PDB
C:\USERS\BB0032\DESKTOP\CS317 HOMEWORK 2\MERGE SORT\DEBUG\MERGE SORT.OBJ
C:\USERS\BB0032\DESKTOP\CS317 HOMEWORK 2\DEBUG\MERGE SORT.ILK
C:\USERS\BB0032\DESKTOP\CS317 HOMEWORK 2\DEBUG\MERGE SORT.EXE
C:\USERS\BB0032\DESKTOP\CS317 HOMEWORK 2\DEBUG\MERGE SORT.PDB
C:\Users\bb0032\Desktop\CS317 Homework 2\Merge Sort\Debug\Merge Sort.obj
C:\Users\bb0032\Desktop\CS317 Homework 2\Merge Sort\Debug\cl.command.1.tlog
C:\Users\bb0032\Desktop\CS317 Homework 2\Merge Sort\Debug\CL.read.1.tlog
C:\Users\bb0032\Desktop\CS317 Homework 2\Merge Sort\Debug\CL.write.1.tlog
C:\Users\bb0032\Desktop\CS317 Homework 2\Merge Sort\Debug\link-cvtres.read.1.tlog
C:\Users\bb0032\Desktop\CS317 Homework 2\Merge Sort\Debug\link-cvtres.write.1.tlog
C:\Users\bb0032\Desktop\CS317 Homework 2\Merge Sort\Debug\link-rc.read.1.tlog
C:\Users\bb0032\Desktop\CS317 Homework 2\Merge Sort\Debug\link-rc.write.1.tlog
C:\Users\bb0032\Desktop\CS317 Homework 2\Merge Sort\Debug\link.1728-cvtres.read.1.tlog
C:\Users\bb0032\Desktop\CS317 Homework 2\Merge Sort\Debug\link.1728-cvtres.write.1.tlog
C:\Users\bb0032\Desktop\CS317 Homework 2\Merge Sort\Debug\link.1728-rc.read.1.tlog
C:\Users\bb0032\Desktop\CS317 Homework 2\Merge Sort\Debug\link.1728-rc.write.1.tlog
C:\Users\bb0032\Desktop\CS317 Homework 2\Merge Sort\Debug\link.1728.read.1.tlog
C:\Users\bb0032\Desktop\CS317 Homework 2\Merge Sort\Debug\link.1728.write.1.tlog
C:\Users\bb0032\Desktop\CS317 Homework 2\Merge Sort\Debug\link.4940-cvtres.read.1.tlog
C:\Users\bb0032\Desktop\CS317 Homework 2\Merge Sort\Debug\link.4940-cvtres.write.1.tlog
C:\Users\bb0032\Desktop\CS317 Homework 2\Merge Sort\Debug\link.4940-rc.read.1.tlog
C:\Users\bb0032\Desktop\CS317 Homework 2\Merge Sort\Debug\link.4940-rc.write.1.tlog
C:\Users\bb0032\Desktop\CS317 Homework 2\Merge Sort\Debug\link.4940.read.1.tlog
C:\Users\bb0032\Desktop\CS317 Homework 2\Merge Sort\Debug\link.4940.write.1.tlog
C:\Users\bb0032\Desktop\CS317 Homework 2\Merge Sort\Debug\link.7028-cvtres.read.1.tlog
C:\Users\bb0032\Desktop\CS317 Homework 2\Merge Sort\Debug\link.7028-cvtres.write.1.tlog
C:\Users\bb0032\Desktop\CS317 Homework 2\Merge Sort\Debug\link.7028-rc.read.1.tlog
C:\Users\bb0032\Desktop\CS317 Homework 2\Merge Sort\Debug\link.7028-rc.write.1.tlog
C:\Users\bb0032\Desktop\CS317 Homework 2\Merge Sort\Debug\link.7028.read.1.tlog
C:\Users\bb0032\Desktop\CS317 Homework 2\Merge Sort\Debug\link.7028.write.1.tlog
C:\Users\bb0032\Desktop\CS317 Homework 2\Merge Sort\Debug\link.7644-cvtres.read.1.tlog
C:\Users\bb0032\Desktop\CS317 Homework 2\Merge Sort\Debug\link.7644-cvtres.write.1.tlog
C:\Users\bb0032\Desktop\CS317 Homework 2\Merge Sort\Debug\link.7644-rc.read.1.tlog
C:\Users\bb0032\Desktop\CS317 Homework 2\Merge Sort\Debug\link.7644-rc.write.1.tlog
C:\Users\bb0032\Desktop\CS317 Homework 2\Merge Sort\Debug\link.7644.read.1.tlog
C:\Users\bb0032\Desktop\CS317 Homework 2\Merge Sort\Debug\link.7644.write.1.tlog
C:\Users\bb0032\Desktop\CS317 Homework 2\Merge Sort\Debug\link.command.1.tlog
C:\Users\bb0032\Desktop\CS317 Homework 2\Merge Sort\Debug\link.read.1.tlog
C:\Users\bb0032\Desktop\CS317 Homework 2\Merge Sort\Debug\link.write.1.tlog
C:\Users\bb0032\Desktop\CS317 Homework 2\Merge Sort\Debug\vc110.idb
C:\Users\bb0032\Desktop\CS317 Homework 2\Merge Sort\Debug\vc110.pdb
C:\Users\bb0032\Desktop\CS317 Homework 2\Debug\Merge Sort.pdb
C:\Users\bb0032\Desktop\CS317 Homework 2\Debug\Merge Sort.exe
C:\Users\bb0032\Desktop\CS317 Homework 2\Debug\Merge Sort.ilk
