C:\USERS\BB0032\DESKTOP\CS317 HOMEWORK1\CS317 HOMEWORK1\DEBUG\VC100.PDB
C:\USERS\BB0032\DESKTOP\CS317 HOMEWORK1\CS317 HOMEWORK1\DEBUG\VC110.PDB
C:\USERS\BB0032\DESKTOP\CS317 HOMEWORK1\CS317 HOMEWORK1\DEBUG\FIBONACCI.OBJ
C:\USERS\BB0032\DESKTOP\CS317 HOMEWORK1\DEBUG\CS317 HOMEWORK1.EXE
C:\Users\bb0032\Desktop\CS317 Homework1\CS317 Homework1\Debug\CS317 Homework1.vcxprojResolveAssemblyReference.cache
C:\Users\bb0032\Desktop\CS317 Homework1\CS317 Homework1\Debug\Fibonacci.obj
C:\Users\bb0032\Desktop\CS317 Homework1\CS317 Homework1\Debug\cl.command.1.tlog
C:\Users\bb0032\Desktop\CS317 Homework1\CS317 Homework1\Debug\CL.read.1.tlog
C:\Users\bb0032\Desktop\CS317 Homework1\CS317 Homework1\Debug\CL.write.1.tlog
C:\Users\bb0032\Desktop\CS317 Homework1\CS317 Homework1\Debug\CS317 Homework1.write.1.tlog
C:\Users\bb0032\Desktop\CS317 Homework1\CS317 Homework1\Debug\link-cvtres.read.1.tlog
C:\Users\bb0032\Desktop\CS317 Homework1\CS317 Homework1\Debug\link-cvtres.write.1.tlog
C:\Users\bb0032\Desktop\CS317 Homework1\CS317 Homework1\Debug\link-rc.read.1.tlog
C:\Users\bb0032\Desktop\CS317 Homework1\CS317 Homework1\Debug\link-rc.write.1.tlog
C:\Users\bb0032\Desktop\CS317 Homework1\CS317 Homework1\Debug\link.command.1.tlog
C:\Users\bb0032\Desktop\CS317 Homework1\CS317 Homework1\Debug\link.read.1.tlog
C:\Users\bb0032\Desktop\CS317 Homework1\CS317 Homework1\Debug\link.write.1.tlog
C:\Users\bb0032\Desktop\CS317 Homework1\CS317 Homework1\Debug\mt.command.1.tlog
C:\Users\bb0032\Desktop\CS317 Homework1\CS317 Homework1\Debug\mt.read.1.tlog
C:\Users\bb0032\Desktop\CS317 Homework1\CS317 Homework1\Debug\mt.write.1.tlog
C:\Users\bb0032\Desktop\CS317 Homework1\CS317 Homework1\Debug\CS317 Homework1.exe.intermediate.manifest
C:\Users\bb0032\Desktop\CS317 Homework1\CS317 Homework1\Debug\vc100.idb
C:\Users\bb0032\Desktop\CS317 Homework1\CS317 Homework1\Debug\vc110.idb
C:\Users\bb0032\Desktop\CS317 Homework1\CS317 Homework1\Debug\vc100.pdb
C:\Users\bb0032\Desktop\CS317 Homework1\CS317 Homework1\Debug\vc110.pdb
C:\Users\bb0032\Desktop\CS317 Homework1\Debug\CS317 Homework1.pdb
