C:\USERS\BB0032\DESKTOP\CS317 HOMEWORK 2\QUICK SORT\DEBUG\QUICK SORT.OBJ
C:\USERS\BB0032\DESKTOP\CS317 HOMEWORK 2\QUICK SORT\DEBUG\VC110.PDB
C:\USERS\BB0032\DESKTOP\CS317 HOMEWORK 2\DEBUG\QUICK SORT.ILK
C:\USERS\BB0032\DESKTOP\CS317 HOMEWORK 2\DEBUG\QUICK SORT.EXE
C:\USERS\BB0032\DESKTOP\CS317 HOMEWORK 2\DEBUG\QUICK SORT.PDB
C:\Users\bb0032\Desktop\CS317 Homework 2\Quick Sort\Debug\Quick Sort.obj
C:\Users\bb0032\Desktop\CS317 Homework 2\Quick Sort\Debug\cl.command.1.tlog
C:\Users\bb0032\Desktop\CS317 Homework 2\Quick Sort\Debug\CL.read.1.tlog
C:\Users\bb0032\Desktop\CS317 Homework 2\Quick Sort\Debug\CL.write.1.tlog
C:\Users\bb0032\Desktop\CS317 Homework 2\Quick Sort\Debug\link-cvtres.read.1.tlog
C:\Users\bb0032\Desktop\CS317 Homework 2\Quick Sort\Debug\link-cvtres.write.1.tlog
C:\Users\bb0032\Desktop\CS317 Homework 2\Quick Sort\Debug\link-rc.read.1.tlog
C:\Users\bb0032\Desktop\CS317 Homework 2\Quick Sort\Debug\link-rc.write.1.tlog
C:\Users\bb0032\Desktop\CS317 Homework 2\Quick Sort\Debug\link.1164-cvtres.read.1.tlog
C:\Users\bb0032\Desktop\CS317 Homework 2\Quick Sort\Debug\link.1164-cvtres.write.1.tlog
C:\Users\bb0032\Desktop\CS317 Homework 2\Quick Sort\Debug\link.1164-rc.read.1.tlog
C:\Users\bb0032\Desktop\CS317 Homework 2\Quick Sort\Debug\link.1164-rc.write.1.tlog
C:\Users\bb0032\Desktop\CS317 Homework 2\Quick Sort\Debug\link.1164.read.1.tlog
C:\Users\bb0032\Desktop\CS317 Homework 2\Quick Sort\Debug\link.1164.write.1.tlog
C:\Users\bb0032\Desktop\CS317 Homework 2\Quick Sort\Debug\link.4400-cvtres.read.1.tlog
C:\Users\bb0032\Desktop\CS317 Homework 2\Quick Sort\Debug\link.4400-cvtres.write.1.tlog
C:\Users\bb0032\Desktop\CS317 Homework 2\Quick Sort\Debug\link.4400-rc.read.1.tlog
C:\Users\bb0032\Desktop\CS317 Homework 2\Quick Sort\Debug\link.4400-rc.write.1.tlog
C:\Users\bb0032\Desktop\CS317 Homework 2\Quick Sort\Debug\link.4400.read.1.tlog
C:\Users\bb0032\Desktop\CS317 Homework 2\Quick Sort\Debug\link.4400.write.1.tlog
C:\Users\bb0032\Desktop\CS317 Homework 2\Quick Sort\Debug\link.command.1.tlog
C:\Users\bb0032\Desktop\CS317 Homework 2\Quick Sort\Debug\link.read.1.tlog
C:\Users\bb0032\Desktop\CS317 Homework 2\Quick Sort\Debug\link.write.1.tlog
C:\Users\bb0032\Desktop\CS317 Homework 2\Quick Sort\Debug\vc110.idb
C:\Users\bb0032\Desktop\CS317 Homework 2\Quick Sort\Debug\vc110.pdb
C:\Users\bb0032\Desktop\CS317 Homework 2\Debug\Quick Sort.pdb
C:\Users\bb0032\Desktop\CS317 Homework 2\Debug\Quick Sort.exe
C:\Users\bb0032\Desktop\CS317 Homework 2\Debug\Quick Sort.ilk
