C:\USERS\BB0032\DESKTOP\CS317 HOMEWORK1\PROJECT1\DEBUG\FACTORIAL.OBJ
C:\USERS\BB0032\DESKTOP\CS317 HOMEWORK1\PROJECT1\DEBUG\VC110.PDB
C:\USERS\BB0032\DESKTOP\CS317 HOMEWORK1\DEBUG\FACTORIAL.ILK
C:\USERS\BB0032\DESKTOP\CS317 HOMEWORK1\DEBUG\FACTORIAL.EXE
C:\USERS\BB0032\DESKTOP\CS317 HOMEWORK1\DEBUG\FACTORIAL.PDB
C:\Users\bb0032\Desktop\CS317 Homework1\Project1\Debug\Factorial.obj
C:\Users\bb0032\Desktop\CS317 Homework1\Project1\Debug\cl.command.1.tlog
C:\Users\bb0032\Desktop\CS317 Homework1\Project1\Debug\CL.read.1.tlog
C:\Users\bb0032\Desktop\CS317 Homework1\Project1\Debug\CL.write.1.tlog
C:\Users\bb0032\Desktop\CS317 Homework1\Project1\Debug\link-cvtres.read.1.tlog
C:\Users\bb0032\Desktop\CS317 Homework1\Project1\Debug\link-cvtres.write.1.tlog
C:\Users\bb0032\Desktop\CS317 Homework1\Project1\Debug\link-rc.read.1.tlog
C:\Users\bb0032\Desktop\CS317 Homework1\Project1\Debug\link-rc.write.1.tlog
C:\Users\bb0032\Desktop\CS317 Homework1\Project1\Debug\link.4892-cvtres.read.1.tlog
C:\Users\bb0032\Desktop\CS317 Homework1\Project1\Debug\link.4892-cvtres.write.1.tlog
C:\Users\bb0032\Desktop\CS317 Homework1\Project1\Debug\link.4892-rc.read.1.tlog
C:\Users\bb0032\Desktop\CS317 Homework1\Project1\Debug\link.4892-rc.write.1.tlog
C:\Users\bb0032\Desktop\CS317 Homework1\Project1\Debug\link.4892.read.1.tlog
C:\Users\bb0032\Desktop\CS317 Homework1\Project1\Debug\link.4892.write.1.tlog
C:\Users\bb0032\Desktop\CS317 Homework1\Project1\Debug\link.5808-cvtres.read.1.tlog
C:\Users\bb0032\Desktop\CS317 Homework1\Project1\Debug\link.5808-cvtres.write.1.tlog
C:\Users\bb0032\Desktop\CS317 Homework1\Project1\Debug\link.5808-rc.read.1.tlog
C:\Users\bb0032\Desktop\CS317 Homework1\Project1\Debug\link.5808-rc.write.1.tlog
C:\Users\bb0032\Desktop\CS317 Homework1\Project1\Debug\link.5808.read.1.tlog
C:\Users\bb0032\Desktop\CS317 Homework1\Project1\Debug\link.5808.write.1.tlog
C:\Users\bb0032\Desktop\CS317 Homework1\Project1\Debug\link.command.1.tlog
C:\Users\bb0032\Desktop\CS317 Homework1\Project1\Debug\link.read.1.tlog
C:\Users\bb0032\Desktop\CS317 Homework1\Project1\Debug\link.write.1.tlog
C:\Users\bb0032\Desktop\CS317 Homework1\Project1\Debug\vc110.idb
C:\Users\bb0032\Desktop\CS317 Homework1\Project1\Debug\vc110.pdb
C:\Users\bb0032\Desktop\CS317 Homework1\Debug\Factorial.pdb
C:\Users\bb0032\Desktop\CS317 Homework1\Debug\Factorial.exe
C:\Users\bb0032\Desktop\CS317 Homework1\Debug\Factorial.ilk
